<?xml version="1.0" encoding="UTF-8"?>
<!-- Generated by org.testng.reporters.JUnitXMLReporter -->
<testsuite ignored="35" hostname="VDK-W10PMCBQ034" failures="0" tests="37" name="Regression Testing" time="231.779" errors="0" timestamp="06 Jul 2022 13:30:30 GMT">
  <testcase classname="Automation.Jason.ts001_LoginToJason" name="launchbrowser" time="0.005"/>
  <testcase classname="Automation.Jason.ts002_SwitchClient" name="switchClient" time="14.224"/>
  <testcase classname="Automation.Jason.ts003_GlobalUserDashboard" name="userDashboard" time="2.871"/>
  <testcase classname="Automation.Jason.ts004_GlobalUserExternalGroup" name="externalGroup" time="10.538"/>
  <testcase classname="Automation.Jason.ts005_GlobaluserUserGroup" name="userGroup" time="2.335"/>
  <testcase classname="Automation.Jason.ts006_GlobalUserEstateCountries" name="estateCountries" time="7.379"/>
  <testcase classname="Automation.Jason.ts007_GlobaluserServiceEvent" name="serviceEvent" time="5.675"/>
  <testcase classname="Automation.Jason.ts008_GlobaluserLandingPages" name="landingPages" time="7.29"/>
  <testcase classname="Automation.Jason.ts009_GlobaluserMessages" name="messages" time="0.458"/>
  <testcase classname="Automation.Jason.ts010_GlobaluserClients" name="clients" time="7.234"/>
  <testcase classname="Automation.Jason.ts011_GlobaluserRoamingPartners" name="roamingPartners" time="8.617"/>
  <testcase classname="Automation.Jason.ts012_GlobaluserFailedJobs" name="failedJobs" time="1.755"/>
  <testcase classname="Automation.Jason.ts013_RIPA" name="ripaServices" time="0.516"/>
  <testcase classname="Automation.Jason.ts014_GlobaluserInternalGroup" name="internalUsers" time="10.398"/>
  <testcase classname="Automation.Jason.ts015_GlobaluserEstateBusiness" name="business" time="6.463"/>
  <testcase classname="Automation.Jason.ts016_GlobaluserEstateAcs" name="estateAcs" time="9.491"/>
  <testcase classname="Automation.Jason.ts017_TestClientMarketing" name="marketing" time="0.145"/>
  <testcase classname="Automation.Jason.ts018_TestClientDashboard" name="dashboard" time="2.312"/>
  <testcase classname="Automation.Jason.ts019_TestClientExternaluser" name="externalUser" time="9.928"/>
  <testcase classname="Automation.Jason.ts020_TestClientInternaluser" name="internalUser" time="9.862"/>
  <testcase classname="Automation.Jason.ts021_TestClientUserGroup" name="userGroup" time="2.325"/>
  <testcase classname="Automation.Jason.ts022_TestClientEstateLocations" name="estateLocations" time="10.062"/>
  <testcase classname="Automation.Jason.ts023_TestClientServiceProducts" name="serviceProducts" time="13.809"/>
  <testcase classname="Automation.Jason.ts024_TestClientLandingPages" name="landingPages" time="8.887"/>
  <testcase classname="Automation.Jason.ts025_TestClientVouchers" name="vouchers" time="3.549"/>
  <testcase classname="Automation.Jason.ts026_TestClientReports" name="reports" time="0.522"/>
  <testcase classname="Automation.Jason.ts027_TestClientVisitorsCustomers" name="visitorsCustomers" time="0.72"/>
  <testcase classname="Automation.Jason.ts028_TestClientVisitorsPayments" name="visitorsPayments" time="0.758"/>
  <testcase classname="Automation.Jason.ts029_TestClientVisitorsDevices" name="visitorsDevices" time="0.814"/>
  <testcase classname="Automation.Jason.ts030_TestClientVisitorsTransactions" name="visitorsTransactions" time="0.851"/>
  <testcase classname="Automation.Jason.ts031_TestClientAuthDevices" name="authDevices" time="2.277"/>
  <testcase classname="Automation.Jason.ts032_TestClientAuthDevicesGroup" name="authDevices" time="28.557"/>
  <testcase classname="Automation.Jason.ts033_TestClientEstateRoamingLocations" name="roamingLocations" time="0.608"/>
  <testcase classname="Automation.Jason.ts034_TestClientServiceProductUpgrades" name="serviceProducts" time="8.925"/>
  <testcase classname="Automation.Jason.ts035_TestClientServiceNetworks" name="serviceNetworks" time="11.337"/>
  <testcase classname="Automation.Jason.ts036_TestClientLandingpageFlows" name="flows" time="1.928"/>
  <testcase classname="Automation.Jason.ts037_TestClientVoucherType" name="voucherType" time="8.217"/>
  <testcase classname="Automation.Jason.init_class" name="@BeforeTest launchbrowser" time="0.0">
    <ignored/>
  </testcase> <!-- @BeforeTest launchbrowser -->
  <testcase classname="Automation.Jason.init_class" name="@BeforeTest launchbrowser" time="0.0">
    <ignored/>
  </testcase> <!-- @BeforeTest launchbrowser -->
  <testcase classname="Automation.Jason.init_class" name="@BeforeTest launchbrowser" time="0.0">
    <ignored/>
  </testcase> <!-- @BeforeTest launchbrowser -->
  <testcase classname="Automation.Jason.init_class" name="@BeforeTest launchbrowser" time="0.0">
    <ignored/>
  </testcase> <!-- @BeforeTest launchbrowser -->
  <testcase classname="Automation.Jason.init_class" name="@BeforeTest launchbrowser" time="0.0">
    <ignored/>
  </testcase> <!-- @BeforeTest launchbrowser -->
  <testcase classname="Automation.Jason.init_class" name="@BeforeTest launchbrowser" time="0.0">
    <ignored/>
  </testcase> <!-- @BeforeTest launchbrowser -->
  <testcase classname="Automation.Jason.init_class" name="@BeforeTest launchbrowser" time="0.0">
    <ignored/>
  </testcase> <!-- @BeforeTest launchbrowser -->
  <testcase classname="Automation.Jason.init_class" name="@BeforeTest launchbrowser" time="0.0">
    <ignored/>
  </testcase> <!-- @BeforeTest launchbrowser -->
  <testcase classname="Automation.Jason.init_class" name="@BeforeTest launchbrowser" time="0.0">
    <ignored/>
  </testcase> <!-- @BeforeTest launchbrowser -->
  <testcase classname="Automation.Jason.init_class" name="@BeforeTest launchbrowser" time="0.0">
    <ignored/>
  </testcase> <!-- @BeforeTest launchbrowser -->
  <testcase classname="Automation.Jason.init_class" name="@BeforeTest launchbrowser" time="0.0">
    <ignored/>
  </testcase> <!-- @BeforeTest launchbrowser -->
  <testcase classname="Automation.Jason.init_class" name="@BeforeTest launchbrowser" time="0.0">
    <ignored/>
  </testcase> <!-- @BeforeTest launchbrowser -->
  <testcase classname="Automation.Jason.init_class" name="@BeforeTest launchbrowser" time="0.0">
    <ignored/>
  </testcase> <!-- @BeforeTest launchbrowser -->
  <testcase classname="Automation.Jason.init_class" name="@BeforeTest launchbrowser" time="0.0">
    <ignored/>
  </testcase> <!-- @BeforeTest launchbrowser -->
  <testcase classname="Automation.Jason.init_class" name="@BeforeTest launchbrowser" time="0.0">
    <ignored/>
  </testcase> <!-- @BeforeTest launchbrowser -->
  <testcase classname="Automation.Jason.init_class" name="@BeforeTest launchbrowser" time="0.0">
    <ignored/>
  </testcase> <!-- @BeforeTest launchbrowser -->
  <testcase classname="Automation.Jason.init_class" name="@BeforeTest launchbrowser" time="0.0">
    <ignored/>
  </testcase> <!-- @BeforeTest launchbrowser -->
  <testcase classname="Automation.Jason.init_class" name="@BeforeTest launchbrowser" time="0.0">
    <ignored/>
  </testcase> <!-- @BeforeTest launchbrowser -->
  <testcase classname="Automation.Jason.init_class" name="@BeforeTest launchbrowser" time="0.0">
    <ignored/>
  </testcase> <!-- @BeforeTest launchbrowser -->
  <testcase classname="Automation.Jason.init_class" name="@BeforeTest launchbrowser" time="0.0">
    <ignored/>
  </testcase> <!-- @BeforeTest launchbrowser -->
  <testcase classname="Automation.Jason.init_class" name="@BeforeTest launchbrowser" time="0.0">
    <ignored/>
  </testcase> <!-- @BeforeTest launchbrowser -->
  <testcase classname="Automation.Jason.init_class" name="@BeforeTest launchbrowser" time="0.0">
    <ignored/>
  </testcase> <!-- @BeforeTest launchbrowser -->
  <testcase classname="Automation.Jason.init_class" name="@BeforeTest launchbrowser" time="0.0">
    <ignored/>
  </testcase> <!-- @BeforeTest launchbrowser -->
  <testcase classname="Automation.Jason.init_class" name="@BeforeTest launchbrowser" time="0.0">
    <ignored/>
  </testcase> <!-- @BeforeTest launchbrowser -->
  <testcase classname="Automation.Jason.init_class" name="@BeforeTest launchbrowser" time="0.0">
    <ignored/>
  </testcase> <!-- @BeforeTest launchbrowser -->
  <testcase classname="Automation.Jason.init_class" name="@BeforeTest launchbrowser" time="0.0">
    <ignored/>
  </testcase> <!-- @BeforeTest launchbrowser -->
  <testcase classname="Automation.Jason.init_class" name="@BeforeTest launchbrowser" time="0.0">
    <ignored/>
  </testcase> <!-- @BeforeTest launchbrowser -->
  <testcase classname="Automation.Jason.init_class" name="@BeforeTest launchbrowser" time="0.0">
    <ignored/>
  </testcase> <!-- @BeforeTest launchbrowser -->
  <testcase classname="Automation.Jason.init_class" name="@BeforeTest launchbrowser" time="0.0">
    <ignored/>
  </testcase> <!-- @BeforeTest launchbrowser -->
  <testcase classname="Automation.Jason.init_class" name="@BeforeTest launchbrowser" time="0.0">
    <ignored/>
  </testcase> <!-- @BeforeTest launchbrowser -->
  <testcase classname="Automation.Jason.init_class" name="@BeforeTest launchbrowser" time="0.0">
    <ignored/>
  </testcase> <!-- @BeforeTest launchbrowser -->
  <testcase classname="Automation.Jason.init_class" name="@BeforeTest launchbrowser" time="0.0">
    <ignored/>
  </testcase> <!-- @BeforeTest launchbrowser -->
  <testcase classname="Automation.Jason.init_class" name="@BeforeTest launchbrowser" time="0.0">
    <ignored/>
  </testcase> <!-- @BeforeTest launchbrowser -->
  <testcase classname="Automation.Jason.init_class" name="@BeforeTest launchbrowser" time="0.0">
    <ignored/>
  </testcase> <!-- @BeforeTest launchbrowser -->
  <testcase classname="Automation.Jason.init_class" name="@BeforeTest launchbrowser" time="0.0">
    <ignored/>
  </testcase> <!-- @BeforeTest launchbrowser -->
</testsuite> <!-- Regression Testing -->
